Build started 10/10/2018 11:53:01 PM.
     1>Project "E:\NAM 1\KI THUAT LAP TRINH\DOAN2_LT_KTLT\1712863\1712863\1712863\1712863.vcxproj" on node 2 (Build target(s)).
     1>ClCompile:
         C:\Program Files (x86)\Microsoft Visual Studio 12.0\VC\bin\CL.exe /c /ZI /nologo /W3 /WX- /Od /Oy- /D WIN32 /D _DEBUG /D _CONSOLE /D _LIB /D _UNICODE /D UNICODE /Gm /EHsc /RTC1 /MDd /GS /fp:precise /Zc:wchar_t /Zc:forScope /Fo"Debug\\" /Fd"Debug\vc120.pdb" /Gd /TP /analyze- /errorReport:prompt Sort.cpp Source.cpp Xuli.cpp
         Sort.cpp
         Generating Code...
         Compiling...
         Source.cpp
         Generating Code...
         Compiling...
         Xuli.cpp
     1>e:\nam 1\ki thuat lap trinh\doan2_lt_ktlt\1712863\1712863\1712863\xuli.cpp(35): warning C4101: 'a' : unreferenced local variable
     1>e:\nam 1\ki thuat lap trinh\doan2_lt_ktlt\1712863\1712863\1712863\xuli.cpp(72): warning C4244: 'argument' : conversion from '__int64' to 'int', possible loss of data
     1>e:\nam 1\ki thuat lap trinh\doan2_lt_ktlt\1712863\1712863\1712863\xuli.cpp(83): warning C4244: 'argument' : conversion from '__int64' to 'int', possible loss of data
     1>e:\nam 1\ki thuat lap trinh\doan2_lt_ktlt\1712863\1712863\1712863\xuli.cpp(94): warning C4244: 'argument' : conversion from '__int64' to 'int', possible loss of data
     1>e:\nam 1\ki thuat lap trinh\doan2_lt_ktlt\1712863\1712863\1712863\xuli.cpp(105): warning C4244: 'argument' : conversion from '__int64' to 'int', possible loss of data
     1>e:\nam 1\ki thuat lap trinh\doan2_lt_ktlt\1712863\1712863\1712863\xuli.cpp(116): warning C4244: 'argument' : conversion from '__int64' to 'int', possible loss of data
     1>e:\nam 1\ki thuat lap trinh\doan2_lt_ktlt\1712863\1712863\1712863\xuli.cpp(127): warning C4244: 'argument' : conversion from '__int64' to 'int', possible loss of data
     1>e:\nam 1\ki thuat lap trinh\doan2_lt_ktlt\1712863\1712863\1712863\xuli.cpp(138): warning C4244: 'argument' : conversion from '__int64' to 'int', possible loss of data
     1>e:\nam 1\ki thuat lap trinh\doan2_lt_ktlt\1712863\1712863\1712863\xuli.cpp(149): warning C4244: 'argument' : conversion from '__int64' to 'int', possible loss of data
     1>e:\nam 1\ki thuat lap trinh\doan2_lt_ktlt\1712863\1712863\1712863\xuli.cpp(178): warning C4996: 'kbhit': The POSIX name for this item is deprecated. Instead, use the ISO C++ conformant name: _kbhit. See online help for details.
                 c:\program files (x86)\microsoft visual studio 12.0\vc\include\conio.h(133) : see declaration of 'kbhit'
     1>e:\nam 1\ki thuat lap trinh\doan2_lt_ktlt\1712863\1712863\1712863\xuli.cpp(236): warning C4996: 'kbhit': The POSIX name for this item is deprecated. Instead, use the ISO C++ conformant name: _kbhit. See online help for details.
                 c:\program files (x86)\microsoft visual studio 12.0\vc\include\conio.h(133) : see declaration of 'kbhit'
         Generating Code...
       Link:
         C:\Program Files (x86)\Microsoft Visual Studio 12.0\VC\bin\link.exe /ERRORREPORT:PROMPT /OUT:"E:\NAM 1\KI THUAT LAP TRINH\DOAN2_LT_KTLT\1712863\1712863\Debug\1712863.exe" /INCREMENTAL /NOLOGO kernel32.lib user32.lib gdi32.lib winspool.lib comdlg32.lib advapi32.lib shell32.lib ole32.lib oleaut32.lib uuid.lib odbc32.lib odbccp32.lib /MANIFEST /MANIFESTUAC:"level='asInvoker' uiAccess='false'" /manifest:embed /DEBUG /PDB:"E:\NAM 1\KI THUAT LAP TRINH\DOAN2_LT_KTLT\1712863\1712863\Debug\1712863.pdb" /SUBSYSTEM:CONSOLE /TLBID:1 /DYNAMICBASE /NXCOMPAT /IMPLIB:"E:\NAM 1\KI THUAT LAP TRINH\DOAN2_LT_KTLT\1712863\1712863\Debug\1712863.lib" /MACHINE:X86 Debug\Sort.obj
         Debug\Source.obj
         Debug\Xuli.obj
         1712863.vcxproj -> E:\NAM 1\KI THUAT LAP TRINH\DOAN2_LT_KTLT\1712863\1712863\Debug\1712863.exe
     1>Done Building Project "E:\NAM 1\KI THUAT LAP TRINH\DOAN2_LT_KTLT\1712863\1712863\1712863\1712863.vcxproj" (Build target(s)).

Build succeeded.

Time Elapsed 00:00:01.55
